[2024-01-22T00:00:00.001Z] INFO  - Daily monitoring cycle started
[2024-01-22T00:00:00.112Z] INFO  - Running scheduled health checks
[2024-01-22T00:00:00.334Z] INFO  - API endpoint /health - OK (2ms)
[2024-01-22T00:00:00.556Z] INFO  - Database connection pool - OK (8 active, 12 idle)
[2024-01-22T00:00:00.778Z] INFO  - Redis cache - OK (memory: 124MB/512MB)
[2024-01-22T00:00:01.001Z] INFO  - Disk space - OK (45% used)
[2024-01-22T00:00:01.223Z] INFO  - SSL certificate - OK (expires in 89 days)
[2024-01-22T00:00:01.445Z] INFO  - All health checks passed
[2024-01-22T00:00:02.001Z] INFO  - Running data integrity checks
[2024-01-22T00:00:02.223Z] INFO  - Checking foreign key consistency...
[2024-01-22T00:00:02.667Z] INFO  - Foreign keys - OK (0 orphaned records)
[2024-01-22T00:00:02.889Z] INFO  - Checking stats consistency...
[2024-01-22T00:00:03.112Z] INFO  - Stats totalTasks=45, actual count=45 - OK
[2024-01-22T00:00:03.334Z] INFO  - Data integrity checks passed
[2024-01-22T00:00:03.556Z] INFO  - Daily monitoring cycle completed

[2024-01-22T06:00:00.001Z] INFO  - Morning monitoring cycle started
[2024-01-22T06:00:00.223Z] INFO  - Checking overnight batch jobs...
[2024-01-22T06:00:00.445Z] INFO  - Email digest job - completed at 05:30 (sent 127 emails)
[2024-01-22T06:00:00.667Z] INFO  - Report generation job - completed at 05:45 (12 reports)
[2024-01-22T06:00:00.889Z] INFO  - Database backup job - completed at 04:00 (size: 2.3GB)
[2024-01-22T06:00:01.112Z] INFO  - All overnight jobs completed successfully
[2024-01-22T06:00:01.334Z] INFO  - Current system load: 0.45 (normal)
[2024-01-22T06:00:01.556Z] INFO  - Morning monitoring cycle completed

[2024-01-22T09:00:00.001Z] INFO  - Business hours monitoring started
[2024-01-22T09:00:00.223Z] INFO  - Active users: 23
[2024-01-22T09:00:00.445Z] INFO  - Requests/min: 145
[2024-01-22T09:00:00.667Z] INFO  - Average response time: 34ms
[2024-01-22T09:00:00.889Z] INFO  - Error rate: 0.02%
[2024-01-22T09:30:00.001Z] INFO  - Traffic update: 156 requests/min
[2024-01-22T10:00:00.001Z] INFO  - Hourly metrics snapshot
[2024-01-22T10:00:00.223Z] INFO  - Peak concurrent users: 45
[2024-01-22T10:00:00.445Z] INFO  - Total requests: 8,934
[2024-01-22T10:00:00.667Z] INFO  - P95 latency: 89ms
[2024-01-22T10:00:00.889Z] INFO  - Cache hit rate: 73%

[2024-01-22T11:00:00.001Z] INFO  - Hourly metrics snapshot
[2024-01-22T11:00:00.223Z] INFO  - Active users: 67
[2024-01-22T11:00:00.445Z] INFO  - Running quick integrity check...
[2024-01-22T11:00:00.667Z] INFO  - Stats totalTasks=52, actual count=52 - OK

[2024-01-22T12:00:00.001Z] INFO  - Midday monitoring cycle
[2024-01-22T12:00:00.223Z] INFO  - System load: 1.23 (moderate)
[2024-01-22T12:00:00.445Z] INFO  - Memory utilization: 67%
[2024-01-22T12:00:00.667Z] INFO  - Database connections: 34 active
[2024-01-22T12:00:00.889Z] INFO  - No anomalies detected

[2024-01-22T14:00:00.001Z] INFO  - Hourly metrics snapshot
[2024-01-22T14:00:00.223Z] INFO  - Active users: 89
[2024-01-22T14:00:00.445Z] WARN  - Elevated traffic detected
[2024-01-22T14:00:00.667Z] INFO  - Requests/min: 312 (2x normal)
[2024-01-22T14:00:00.889Z] INFO  - Auto-scaling evaluation: not required

[2024-01-22T14:30:00.001Z] WARN  - High traffic alert triggered
[2024-01-22T14:30:00.223Z] INFO  - Concurrent users: 127
[2024-01-22T14:30:00.445Z] INFO  - Requests/min: 445
[2024-01-22T14:30:00.667Z] INFO  - Response times within SLA (avg: 67ms)
[2024-01-22T14:30:02.112Z] INFO  - Bulk operation detected: 5 concurrent POST /api/tasks
[2024-01-22T14:30:02.334Z] DEBUG - Task creation: id=67 created
[2024-01-22T14:30:02.336Z] DEBUG - Task creation: id=68 created
[2024-01-22T14:30:02.338Z] DEBUG - Task creation: id=69 created
[2024-01-22T14:30:02.340Z] DEBUG - Task creation: id=70 created
[2024-01-22T14:30:02.342Z] DEBUG - Task creation: id=71 created
[2024-01-22T14:30:02.556Z] DEBUG - Stats update completed
[2024-01-22T14:30:05.001Z] INFO  - Traffic normalizing
[2024-01-22T14:30:15.223Z] INFO  - Quick integrity check...
[2024-01-22T14:30:15.445Z] WARN  - Stats discrepancy: totalTasks=55, actual=57
[2024-01-22T14:30:15.667Z] WARN  - Minor discrepancy noted, will verify at next full check

[2024-01-22T15:00:00.001Z] INFO  - Hourly metrics snapshot
[2024-01-22T15:00:00.223Z] INFO  - Active users: 98
[2024-01-22T15:00:00.445Z] INFO  - Peak requests/min this hour: 445
[2024-01-22T15:00:00.667Z] INFO  - Error rate: 0.01%

[2024-01-22T15:45:00.001Z] WARN  - High traffic alert triggered
[2024-01-22T15:45:00.223Z] INFO  - Concurrent users: 156
[2024-01-22T15:45:00.445Z] INFO  - Marketing campaign traffic spike detected
[2024-01-22T15:45:01.001Z] INFO  - Bulk import initiated by user admin@company.com
[2024-01-22T15:45:01.112Z] INFO  - Importing 10 tasks from CSV
[2024-01-22T15:45:01.223Z] DEBUG - Task creation: id=72 created
[2024-01-22T15:45:01.225Z] DEBUG - Task creation: id=73 created
[2024-01-22T15:45:01.227Z] DEBUG - Task creation: id=74 created
[2024-01-22T15:45:01.229Z] DEBUG - Task creation: id=75 created
[2024-01-22T15:45:01.231Z] DEBUG - Task creation: id=76 created
[2024-01-22T15:45:01.233Z] DEBUG - Task creation: id=77 created
[2024-01-22T15:45:01.235Z] DEBUG - Task creation: id=78 created
[2024-01-22T15:45:01.237Z] DEBUG - Task creation: id=79 created
[2024-01-22T15:45:01.239Z] DEBUG - Task creation: id=80 created
[2024-01-22T15:45:01.241Z] DEBUG - Task creation: id=81 created
[2024-01-22T15:45:01.445Z] INFO  - Bulk import completed: 10 tasks created
[2024-01-22T15:45:01.667Z] DEBUG - Stats update completed
[2024-01-22T15:45:02.001Z] INFO  - Quick integrity check...
[2024-01-22T15:45:02.223Z] WARN  - Stats discrepancy: totalTasks=60, actual=67
[2024-01-22T15:45:02.445Z] WARN  - Discrepancy increased, flagging for investigation

[2024-01-22T16:00:00.001Z] INFO  - Hourly metrics snapshot
[2024-01-22T16:00:00.223Z] INFO  - Active users: 134
[2024-01-22T16:00:00.445Z] INFO  - Total requests this hour: 15,234
[2024-01-22T16:00:00.667Z] INFO  - P99 latency: 156ms

[2024-01-22T17:00:00.001Z] INFO  - Hourly metrics snapshot
[2024-01-22T17:00:00.223Z] INFO  - Traffic declining (end of business day)
[2024-01-22T17:00:00.445Z] INFO  - Active users: 78

[2024-01-22T18:00:00.001Z] INFO  - Evening monitoring cycle started
[2024-01-22T18:00:00.112Z] INFO  - Running full data integrity checks
[2024-01-22T18:00:00.334Z] INFO  - Checking foreign key consistency...
[2024-01-22T18:00:00.556Z] INFO  - Foreign keys - OK (0 orphaned records)
[2024-01-22T18:00:00.778Z] INFO  - Checking index health...
[2024-01-22T18:00:01.001Z] INFO  - Index health - OK (no fragmentation)
[2024-01-22T18:00:01.223Z] INFO  - Checking stats consistency...
[2024-01-22T18:00:01.445Z] ERROR - Stats consistency check FAILED
[2024-01-22T18:00:01.446Z] ALERT - ══════════════════════════════════════════════════
[2024-01-22T18:00:01.447Z] ALERT - STATS INCONSISTENCY DETECTED
[2024-01-22T18:00:01.448Z] ALERT - Expected totalTasks (from stats table): 149
[2024-01-22T18:00:01.449Z] ALERT - Actual task count (from tasks table): 156
[2024-01-22T18:00:01.450Z] ALERT - Discrepancy: 7 tasks not counted
[2024-01-22T18:00:01.451Z] ALERT - ══════════════════════════════════════════════════
[2024-01-22T18:00:01.667Z] INFO  - Generating investigation report...
[2024-01-22T18:00:01.889Z] INFO  - Analysis: Discrepancy correlates with high-traffic periods
[2024-01-22T18:00:02.001Z] INFO  - Analysis: 14:30 - 5 concurrent creates, stats +3 (expected +5)
[2024-01-22T18:00:02.112Z] INFO  - Analysis: 15:45 - 10 concurrent creates, stats +5 (expected +10)
[2024-01-22T18:00:02.223Z] INFO  - Analysis: Pattern suggests lost increments during concurrent operations
[2024-01-22T18:00:02.334Z] INFO  - Recommendation: Review incrementTaskCount() for thread safety
[2024-01-22T18:00:02.445Z] INFO  - Investigation report saved: /reports/stats-discrepancy-2024-01-22.txt
[2024-01-22T18:00:02.667Z] INFO  - Alert sent to on-call: pager-duty-incident-8834
[2024-01-22T18:00:02.889Z] INFO  - Evening monitoring cycle completed with ALERTS

[2024-01-22T19:00:00.001Z] INFO  - Hourly metrics snapshot
[2024-01-22T19:00:00.223Z] INFO  - Active users: 23
[2024-01-22T19:00:00.445Z] INFO  - System entering low-traffic mode

[2024-01-22T20:00:00.001Z] INFO  - Running corrective query (manual approval required)
[2024-01-22T20:00:00.223Z] WARN  - Stats correction pending review by engineering team
